     1                                  	extern printf
     2                                  	section .data
     3 00000000 00<rept>                t0: 	times 80 db 0
     4 00000050 00<rept>                t8: 	times 4 db 0
     5 00000054 00<rept>                t7: 	times 4 db 0
     6 00000058 00<rept>                t6: 	times 4 db 0
     7 0000005C 00<rept>                t5: 	times 4 db 0
     8 00000060 00<rept>                t4: 	times 4 db 0
     9 00000064 00<rept>                t3: 	times 4 db 0
    10 00000068 00<rept>                t2: 	times 4 db 0
    11 0000006C 00<rept>                t1: 	times 4 db 0
    12 00000070 25640A00                fmtOutInt: db "%d",10,0
    13 00000074 25730A00                fmtOutChar: db "%s",10,0
    14                                  	section .text
    15                                  	global main
    16                                  main:
    17 00000000 4889E5                  	mov rbp,rsp
    18 00000003 55                      	push rbp
    19                                  
    20                                  	; 	t0[0] = 0
    21 00000004 48B8-                   	mov rax,t0
    21 00000006 [0000000000000000] 
    22 0000000E 4883C000                	add rax,0
    23 00000012 BB00000000              	mov ebx,0
    24 00000017 8918                    	mov [rax],ebx
    25                                  	; 	t0[4] = 1
    26 00000019 48B8-                   	mov rax,t0
    26 0000001B [0000000000000000] 
    27 00000023 4883C004                	add rax,4
    28 00000027 BB01000000              	mov ebx,1
    29 0000002C 8918                    	mov [rax],ebx
    30                                  	; 	t0[8] = 2
    31 0000002E 48B8-                   	mov rax,t0
    31 00000030 [0000000000000000] 
    32 00000038 4883C008                	add rax,8
    33 0000003C BB02000000              	mov ebx,2
    34 00000041 8918                    	mov [rax],ebx
    35                                  	; 	t0[12] = 3
    36 00000043 48B8-                   	mov rax,t0
    36 00000045 [0000000000000000] 
    37 0000004D 4883C00C                	add rax,12
    38 00000051 BB03000000              	mov ebx,3
    39 00000056 8918                    	mov [rax],ebx
    40                                  	; 	t0[16] = 4
    41 00000058 48B8-                   	mov rax,t0
    41 0000005A [0000000000000000] 
    42 00000062 4883C010                	add rax,16
    43 00000066 BB04000000              	mov ebx,4
    44 0000006B 8918                    	mov [rax],ebx
    45                                  	; 	t0[20] = 5
    46 0000006D 48B8-                   	mov rax,t0
    46 0000006F [0000000000000000] 
    47 00000077 4883C014                	add rax,20
    48 0000007B BB05000000              	mov ebx,5
    49 00000080 8918                    	mov [rax],ebx
    50                                  	; 	t0[24] = 6
    51 00000082 48B8-                   	mov rax,t0
    51 00000084 [0000000000000000] 
    52 0000008C 4883C018                	add rax,24
    53 00000090 BB06000000              	mov ebx,6
    54 00000095 8918                    	mov [rax],ebx
    55                                  	; 	t0[28] = 7
    56 00000097 48B8-                   	mov rax,t0
    56 00000099 [0000000000000000] 
    57 000000A1 4883C01C                	add rax,28
    58 000000A5 BB07000000              	mov ebx,7
    59 000000AA 8918                    	mov [rax],ebx
    60                                  	; 	t0[32] = 8
    61 000000AC 48B8-                   	mov rax,t0
    61 000000AE [0000000000000000] 
    62 000000B6 4883C020                	add rax,32
    63 000000BA BB08000000              	mov ebx,8
    64 000000BF 8918                    	mov [rax],ebx
    65                                  	; 	t0[36] = 9
    66 000000C1 48B8-                   	mov rax,t0
    66 000000C3 [0000000000000000] 
    67 000000CB 4883C024                	add rax,36
    68 000000CF BB09000000              	mov ebx,9
    69 000000D4 8918                    	mov [rax],ebx
    70                                  	; 	t0[40] = 10
    71 000000D6 48B8-                   	mov rax,t0
    71 000000D8 [0000000000000000] 
    72 000000E0 4883C028                	add rax,40
    73 000000E4 BB0A000000              	mov ebx,10
    74 000000E9 8918                    	mov [rax],ebx
    75                                  	; 	t0[44] = 11
    76 000000EB 48B8-                   	mov rax,t0
    76 000000ED [0000000000000000] 
    77 000000F5 4883C02C                	add rax,44
    78 000000F9 BB0B000000              	mov ebx,11
    79 000000FE 8918                    	mov [rax],ebx
    80                                  	; 	t0[48] = 12
    81 00000100 48B8-                   	mov rax,t0
    81 00000102 [0000000000000000] 
    82 0000010A 4883C030                	add rax,48
    83 0000010E BB0C000000              	mov ebx,12
    84 00000113 8918                    	mov [rax],ebx
    85                                  	; 	t0[52] = 13
    86 00000115 48B8-                   	mov rax,t0
    86 00000117 [0000000000000000] 
    87 0000011F 4883C034                	add rax,52
    88 00000123 BB0D000000              	mov ebx,13
    89 00000128 8918                    	mov [rax],ebx
    90                                  	; 	t0[56] = 14
    91 0000012A 48B8-                   	mov rax,t0
    91 0000012C [0000000000000000] 
    92 00000134 4883C038                	add rax,56
    93 00000138 BB0E000000              	mov ebx,14
    94 0000013D 8918                    	mov [rax],ebx
    95                                  	; 	t0[60] = 15
    96 0000013F 48B8-                   	mov rax,t0
    96 00000141 [0000000000000000] 
    97 00000149 4883C03C                	add rax,60
    98 0000014D BB0F000000              	mov ebx,15
    99 00000152 8918                    	mov [rax],ebx
   100                                  	; 	t0[64] = 16
   101 00000154 48B8-                   	mov rax,t0
   101 00000156 [0000000000000000] 
   102 0000015E 4883C040                	add rax,64
   103 00000162 BB10000000              	mov ebx,16
   104 00000167 8918                    	mov [rax],ebx
   105                                  	; 	t0[68] = 17
   106 00000169 48B8-                   	mov rax,t0
   106 0000016B [0000000000000000] 
   107 00000173 4883C044                	add rax,68
   108 00000177 BB11000000              	mov ebx,17
   109 0000017C 8918                    	mov [rax],ebx
   110                                  	; 	t0[72] = 18
   111 0000017E 48B8-                   	mov rax,t0
   111 00000180 [0000000000000000] 
   112 00000188 4883C048                	add rax,72
   113 0000018C BB12000000              	mov ebx,18
   114 00000191 8918                    	mov [rax],ebx
   115                                  	; 	t0[76] = 19
   116 00000193 48B8-                   	mov rax,t0
   116 00000195 [0000000000000000] 
   117 0000019D 4883C04C                	add rax,76
   118 000001A1 BB13000000              	mov ebx,19
   119 000001A6 8918                    	mov [rax],ebx
   120                                  	; e0: skip
   121                                  e0:
   122                                  	; 	pmb main
   123                                  	; 	t1 = 0 * 2
   124 000001A8 B800000000              	mov eax,0
   125 000001AD B902000000              	mov ecx,2
   126 000001B2 F7E1                    	mul ecx
   127 000001B4 890425[6C000000]        	mov [t1],eax
   128                                  	; 	t2 = 2
   129 000001BB B802000000              	mov eax,2
   130 000001C0 890425[68000000]        	mov [t2],eax
   131                                  	; 	t3 = t1 + t2
   132 000001C7 8B0425[6C000000]        	mov eax,[t1]
   133 000001CE 8B1C25[68000000]        	mov ebx,[t2]
   134 000001D5 01C3                    	add ebx,eax
   135 000001D7 891C25[64000000]        	mov [t3],ebx
   136                                  	; 	t4 = t3 * 10
   137 000001DE 8B0425[64000000]        	mov eax,[t3]
   138 000001E5 B90A000000              	mov ecx,10
   139 000001EA F7E1                    	mul ecx
   140 000001EC 890425[60000000]        	mov [t4],eax
   141                                  	; 	t5 = 2
   142 000001F3 B802000000              	mov eax,2
   143 000001F8 890425[5C000000]        	mov [t5],eax
   144                                  	; 	t6 = t4 + t5
   145 000001FF 8B0425[60000000]        	mov eax,[t4]
   146 00000206 8B1C25[5C000000]        	mov ebx,[t5]
   147 0000020D 01C3                    	add ebx,eax
   148 0000020F 891C25[58000000]        	mov [t6],ebx
   149                                  	; 	t7 = t6 * 4
   150 00000216 8B0425[58000000]        	mov eax,[t6]
   151 0000021D B904000000              	mov ecx,4
   152 00000222 F7E1                    	mul ecx
   153 00000224 890425[54000000]        	mov [t7],eax
   154                                  	; 	t8 = t0[t7]
   155 0000022B 48B8-                   	mov rax,t0
   155 0000022D [0000000000000000] 
   156 00000235 48030425[54000000]      	add rax,[t7]
   157 0000023D 8B00                    	mov eax,[rax]
   158 0000023F 890425[50000000]        	mov [t8],eax
   159                                  	; 	out: t8
   160 00000246 48BF-                   	mov rdi,fmtOutInt
   160 00000248 [7000000000000000] 
   161 00000250 488B3425[50000000]      	mov rsi,[t8]
   162 00000258 B800000000              	mov rax, 0
   163 0000025D E8(00000000)            	call printf
   164                                  
   165 00000262 5D                      	pop rbp
   166 00000263 B800000000              	mov rax,0
   167 00000268 C3                      	ret
